c:\users\pei0400\source\repos\zmqclient\zmqclient\debug\zmqclient.pch
c:\users\pei0400\source\repos\zmqclient\zmqclient\debug\vc140.pdb
c:\users\pei0400\source\repos\zmqclient\zmqclient\debug\vc140.idb
c:\users\pei0400\source\repos\zmqclient\zmqclient\debug\stdafx.obj
c:\users\pei0400\source\repos\zmqclient\zmqclient\debug\zmqclient.obj
c:\users\pei0400\source\repos\zmqclient\debug\zmqclient.ilk
c:\users\pei0400\source\repos\zmqclient\debug\zmqclient.exe
c:\users\pei0400\source\repos\zmqclient\debug\zmqclient.pdb
c:\projects\zmq\zmqclient\zmqclient\debug\stdafx.obj
c:\projects\zmq\zmqclient\zmqclient\debug\zmqclient.obj
c:\projects\zmq\zmqclient\zmqclient\debug\zmqclient.pch
c:\projects\zmq\zmqclient\zmqclient\debug\vc140.idb
c:\projects\zmq\zmqclient\zmqclient\debug\vc140.pdb
c:\projects\zmq\zmqclient\debug\zmqclient.pdb
c:\projects\zmq\zmqclient\debug\zmqclient.exe
c:\projects\zmq\zmqclient\debug\zmqclient.ilk
c:\projects\zmq\zmqclient\zmqclient\debug\zmqclient.tlog\cl.command.1.tlog
c:\projects\zmq\zmqclient\zmqclient\debug\zmqclient.tlog\cl.read.1.tlog
c:\projects\zmq\zmqclient\zmqclient\debug\zmqclient.tlog\cl.write.1.tlog
c:\projects\zmq\zmqclient\zmqclient\debug\zmqclient.tlog\link.command.1.tlog
c:\projects\zmq\zmqclient\zmqclient\debug\zmqclient.tlog\link.read.1.tlog
c:\projects\zmq\zmqclient\zmqclient\debug\zmqclient.tlog\link.write.1.tlog
